1 10 20
100 200 125
201 210 89
900 1000 174
6324 2346 262
1 1 1
2 2 2
9 9 20
75 37 116
9000 10000 260
1 999999 525
90000 90001 165
653 458 145
85 475 144
757 57427 340
2457 2457 134
7543 754 262
354754 525732 470
32573 36576 324
34586 23485 311
24864 34284 311
48653 34568 324
48673 56865 340
23459 34585 311
24585 24585 52
24857 45428 324
17895 17853 155
69318 14783 340
85691 17638 351
13681 93417 351
13987 178930 383
46084 687100 509
68407 451451 449
42016 420148 449
45201 652036 509
69852 698547 509
68547 864759 525
84558 478659 449
86453 452314 449
58649 698545 509
854769 86548 525
865944 41785 525
698540 40986 509
478690 47896 449
698048 44869 509
908472 98451 525
498952 69854 449
894798 48965 525
498648 65048 449
384038 38948 443
865 389470 443
384 369842 443
847 864531 525
865 865974 525
357 895470 525
187 869687 525
941 840684 525
877 698705 509
698 506897 449
698 504868 449
685 408508 443
698 654604 509
651 845864 525
861 706786 509
382 781543 509
831 108000 354
658 446415 449
126 168421 383
651 545337 470
386 464740 449
173020 317 383
517339 576 470
470761 847 449
581330 125 470
250740 549 443
609427 802 470
781274 536 509
491017 927 449
317687 204 443
101506 643 351
764040 422498 509
655452 505900 509
569394 574926 377
174513 444155 449
781052 603681 509
187892 990015 525
866524 197180 525
716007 473817 509
473902 757255 509
542570 566138 452
652997 322003 509
217932 616383 470
454464 407392 449
979608 775225 525
842851 154036 525
414866 974757 525
344428 156755 443
245931 172451 443
877248 297952 525
174396 693158 509
